0 info it worked if it ends with ok
1 verbose cli [ '/usr/local/bin/node',
1 verbose cli   '/usr/local/bin/npm',
1 verbose cli   'install',
1 verbose cli   '-g',
1 verbose cli   'angular-cli' ]
2 info using npm@3.10.10
3 info using node@v6.11.2
4 silly loadCurrentTree Starting
5 silly install loadCurrentTree
6 silly install readGlobalPackageData
7 silly fetchPackageMetaData angular-cli
8 silly fetchNamedPackageData angular-cli
9 silly mapToRegistry name angular-cli
10 silly mapToRegistry using default registry
11 silly mapToRegistry registry https://registry.npmjs.org/
12 silly mapToRegistry data Result {
12 silly mapToRegistry   raw: 'angular-cli',
12 silly mapToRegistry   scope: null,
12 silly mapToRegistry   escapedName: 'angular-cli',
12 silly mapToRegistry   name: 'angular-cli',
12 silly mapToRegistry   rawSpec: '',
12 silly mapToRegistry   spec: 'latest',
12 silly mapToRegistry   type: 'tag' }
13 silly mapToRegistry uri https://registry.npmjs.org/angular-cli
14 verbose request uri https://registry.npmjs.org/angular-cli
15 verbose request no auth needed
16 info attempt registry request try #1 at 7:17:30 PM
17 verbose request id d3e297adcce30ded
18 http request GET https://registry.npmjs.org/angular-cli
19 info retry will retry, error on last attempt: Error: read ECONNRESET
20 info attempt registry request try #2 at 7:17:41 PM
21 http request GET https://registry.npmjs.org/angular-cli
22 info retry will retry, error on last attempt: Error: read ECONNRESET
23 info attempt registry request try #3 at 7:18:41 PM
24 http request GET https://registry.npmjs.org/angular-cli
25 silly fetchPackageMetaData Error: read ECONNRESET
25 silly fetchPackageMetaData     at exports._errnoException (util.js:1020:11)
25 silly fetchPackageMetaData     at TLSWrap.onread (net.js:568:26)
25 silly fetchPackageMetaData  error for angular-cli { Error: read ECONNRESET
25 silly fetchPackageMetaData     at exports._errnoException (util.js:1020:11)
25 silly fetchPackageMetaData     at TLSWrap.onread (net.js:568:26) code: 'ECONNRESET', errno: 'ECONNRESET', syscall: 'read' }
26 silly rollbackFailedOptional Starting
27 silly rollbackFailedOptional Finishing
28 silly runTopLevelLifecycles Finishing
29 silly install printInstalled
30 verbose stack Error: read ECONNRESET
30 verbose stack     at exports._errnoException (util.js:1020:11)
30 verbose stack     at TLSWrap.onread (net.js:568:26)
31 verbose cwd /Users/estebancruz/Projects/PluralSights/ng2-fundamentals
32 error Darwin 16.7.0
33 error argv "/usr/local/bin/node" "/usr/local/bin/npm" "install" "-g" "angular-cli"
34 error node v6.11.2
35 error npm  v3.10.10
36 error code ECONNRESET
37 error errno ECONNRESET
38 error syscall read
39 error network read ECONNRESET
40 error network This is most likely not a problem with npm itself
40 error network and is related to network connectivity.
40 error network In most cases you are behind a proxy or have bad network settings.
40 error network
40 error network If you are behind a proxy, please make sure that the
40 error network 'proxy' config is set properly.  See: 'npm help config'
41 verbose exit [ 1, true ]
